<?xml version="1.0" encoding="UTF-8"?>
<testsuite name="HoleScoreTest" tests="5" skipped="0" failures="0" errors="0" timestamp="2021-11-03T11:53:28" hostname="Roberts-MacBook-Pro.local" time="0.017">
  <properties/>
  <testcase name="canCreateScoreWithValidData()" classname="HoleScoreTest" time="0.003"/>
  <testcase name="cannotRecordPutsGreaterThanScore()" classname="HoleScoreTest" time="0.001"/>
  <testcase name="cannotRecordPutsLessThanZero()" classname="HoleScoreTest" time="0.001"/>
  <testcase name="cannotScoreGreaterThanTen()" classname="HoleScoreTest" time="0.001"/>
  <testcase name="cannotScoreLessThanOne()" classname="HoleScoreTest" time="0.001"/>
  <system-out><![CDATA[]]></system-out>
  <system-err><![CDATA[]]></system-err>
</testsuite>
